<?xml version="1.0" encoding="UTF-8"?>
<testsuite name="com.darx.arrays.ArrayFooTest" tests="2" skipped="0" failures="0" errors="0" timestamp="2020-04-28T13:03:58" hostname="Daraghs-MacBook-Pro.local" time="0.001">
  <properties/>
  <testcase name="sumTest" classname="com.darx.arrays.ArrayFooTest" time="0.001"/>
  <testcase name="copyTest" classname="com.darx.arrays.ArrayFooTest" time="0.0"/>
  <system-out><![CDATA[]]></system-out>
  <system-err><![CDATA[]]></system-err>
</testsuite>
